SYSTEM_WGETRC = c:/progra~1/wget/etc/wgetrc
syswgetrc = G:\Program Files (x86)\GnuWin32/etc/wgetrc
--2014-07-09 20:23:03--  http://kp.cdn.yandex.net/722253/kinopoisk.ru-Attila-Marcel-202240.mp4
Распознаётся kp.cdn.yandex.net... 5.45.205.235, 5.45.205.231, 5.45.205.232, ...
Устанавливается соединение с kp.cdn.yandex.net|5.45.205.235|:80... соединение установлено.
Запрос HTTP послан, ожидается ответ... 302 Moved Temporarily
Адрес: http://kp.cdn.yandex.net.cache-default03e.cdn.yandex.net/722253/kinopoisk.ru-Attila-Marcel-202240.mp4 [переход]
--2014-07-09 20:23:03--  http://kp.cdn.yandex.net.cache-default03e.cdn.yandex.net/722253/kinopoisk.ru-Attila-Marcel-202240.mp4
Распознаётся kp.cdn.yandex.net.cache-default03e.cdn.yandex.net... 141.8.164.195
Устанавливается соединение с kp.cdn.yandex.net.cache-default03e.cdn.yandex.net|141.8.164.195|:80... соединение установлено.
Запрос HTTP послан, ожидается ответ... 200 OK
Длина: 42693160 (41M) [video/mp4]
Сохраняется в каталог: `c:/www3/site1/trailer_get/trail/kinopoisk.ru-Attila-Marcel-202240.mp4'.

     0K .......... .......... .......... .......... ..........  0%  500K 83s
    50K .......... .......... .......... .......... ..........  0%  112K 3m47s
   100K .......... .......... .......... .......... ..........  0%  134K 4m15s
   150K .......... .......... .......... .......... ..........  0%  389K 3m38s
   200K .......... .......... .......... .......... ..........  0%  588K 3m8s
   250K .......... .......... .......... .......... ..........  0%  786K 2m45s
   300K .......... .......... .......... .......... ..........  0%  923K 2m28s
   350K .......... .......... .......... .......... ..........  0% 1,13M 2m14s
   400K .......... .......... .......... .......... ..........  1% 1,11M 2m3s
   450K .......... .......... .......... .......... ..........  1% 1,14M 1m54s
   500K .......... .......... .......... .......... ..........  1% 1,20M 1m46s
   550K .......... .......... .......... .......... ..........  1% 1,89M 99s
   600K .......... .......... .......... .......... ..........  1% 1,22M 94s
   650K .......... .......... .......... .......... ..........  1% 1,84M 89s
   700K .......... .......... .......... .......... ..........  1% 1,40M 85s
   750K .......... .......... .......... .......... ..........  1% 1,43M 81s
   800K .......... .......... .......... .......... ..........  2% 2,17M 77s
   850K .......... .......... .......... .......... ..........  2% 1,73M 74s
   900K .......... .......... .......... .......... ..........  2% 1,53M 71s
   950K .......... .......... .......... .......... ..........  2% 2,17M 69s
  1000K .......... .......... .......... .......... ..........  2% 2,06M 66s
  1050K .......... .......... .......... .......... ..........  2% 2,27M 64s
  1100K .......... .......... .......... .......... ..........  2% 2,28M 62s
  1150K .......... .......... .......... .......... ..........  2% 2,14M 60s
  1200K .......... .......... .......... .......... ..........  2% 2,45M 58s
  1250K .......... .......... .......... .......... ..........  3% 2,31M 57s
  1300K .......... .......... .......... .......... ..........  3% 2,33M 55s
  1350K .......... .......... .......... .......... ..........  3% 2,34M 54s
  1400K .......... .......... .......... .......... ..........  3% 2,34M 52s
  1450K .......... .......... .......... .......... ..........  3% 2,49M 51s
  1500K .......... .......... .......... .......... ..........  3% 2,57M 50s
  1550K .......... .......... .......... .......... ..........  3% 2,39M 49s
  1600K .......... .......... .......... .......... ..........  3% 2,52M 48s
  1650K .......... .......... .......... .......... ..........  4% 2,74M 47s
  1700K .......... .......... .......... .......... ..........  4% 4,28M 45s
  1750K .......... .......... .......... .......... ..........  4% 2,60M 45s
  1800K .......... .......... .......... .......... ..........  4% 2,62M 44s
  1850K .......... .......... .......... .......... ..........  4% 2,55M 43s
  1900K .......... .......... .......... .......... ..........  4% 2,72M 42s
  1950K .......... .......... .......... .......... ..........  4% 2,40M 41s
  2000K .......... .......... .......... .......... ..........  4% 5,10M 40s
  2050K .......... .......... .......... .......... ..........  5% 2,73M 40s
  2100K .......... .......... .......... .......... ..........  5% 2,59M 39s
  2150K .......... .......... .......... .......... ..........  5% 2,73M 39s
  2200K .......... .......... .......... .......... ..........  5% 2,42M 38s
  2250K .......... .......... .......... .......... ..........  5% 2,70M 37s
  2300K .......... .......... .......... .......... ..........  5% 3,14M 37s
  2350K .......... .......... .......... .......... ..........  5% 1,80M 37s
  2400K .......... .......... .......... .......... ..........  5% 2,19M 36s
  2450K .......... .......... .......... .......... ..........  5% 1,99M 36s
  2500K .......... .......... .......... .......... ..........  6% 2,28M 35s
  2550K .......... .......... .......... .......... ..........  6% 1,41M 35s
  2600K .......... .......... .......... .......... ..........  6% 2,24M 35s
  2650K .......... .......... .......... .......... ..........  6% 2,21M 34s
  2700K .......... .......... .......... .......... ..........  6% 2,27M 34s
  2750K .......... .......... .......... .......... ..........  6% 2,29M 34s
  2800K .......... .......... .......... .......... ..........  6% 2,31M 33s
  2850K .......... .......... .......... .......... ..........  6% 2,32M 33s
  2900K .......... .......... .......... .......... ..........  7% 2,34M 33s
  2950K .......... .......... .......... .......... ..........  7% 2,63M 32s
  3000K .......... .......... .......... .......... ..........  7% 2,27M 32s
  3050K .......... .......... .......... .......... ..........  7% 2,44M 32s
  3100K .......... .......... .......... .......... ..........  7% 2,44M 31s
  3150K .......... .......... .......... .......... ..........  7% 2,70M 31s
  3200K .......... .......... .......... .......... ..........  7% 2,03M 31s
  3250K .......... .......... .......... .......... ..........  7% 2,02M 31s
  3300K .......... .......... .......... .......... ..........  8% 2,33M 30s
  3350K .......... .......... .......... .......... ..........  8% 12,1M 30s
  3400K .......... .......... .......... .......... ..........  8% 2,33M 30s
  3450K .......... .......... .......... .......... ..........  8% 2,33M 29s
  3500K .......... .......... .......... .......... ..........  8% 2,52M 29s
  3550K .......... .......... .......... .......... ..........  8% 3,08M 29s
  3600K .......... .......... .......... .......... ..........  8% 2,70M 29s
  3650K .......... .......... .......... .......... ..........  8% 3,63M 28s
  3700K .......... .......... .......... .......... ..........  8% 1,82M 28s
  3750K .......... .......... .......... .......... ..........  9% 4,42M 28s
  3800K .......... .......... .......... .......... ..........  9% 3,13M 28s
  3850K .......... .......... .......... .......... ..........  9% 2,53M 27s
  3900K .......... .......... .......... .......... ..........  9% 2,41M 27s
  3950K .......... .......... .......... .......... ..........  9% 2,43M 27s
  4000K .......... .......... .......... .......... ..........  9% 2,74M 27s
  4050K .......... .......... .......... .......... ..........  9% 6,27M 27s
  4100K .......... .......... .......... .......... ..........  9% 2,44M 26s
  4150K .......... .......... .......... .......... .......... 10% 2,44M 26s
  4200K .......... .......... .......... .......... .......... 10% 2,37M 26s
  4250K .......... .......... .......... .......... .......... 10% 2,60M 26s
  4300K .......... .......... .......... .......... .......... 10% 7,29M 26s
  4350K .......... .......... .......... .......... .......... 10% 2,42M 25s
  4400K .......... .......... .......... .......... .......... 10% 2,41M 25s
  4450K .......... .......... .......... .......... .......... 10% 2,44M 25s
  4500K .......... .......... .......... .......... .......... 10% 2,53M 25s
  4550K .......... .......... .......... .......... .......... 11% 3,30M 25s
  4600K .......... .......... .......... .......... .......... 11% 2,39M 25s
  4650K .......... .......... .......... .......... .......... 11% 2,37M 25s
  4700K .......... .......... .......... .......... .......... 11% 4,62M 24s
  4750K .......... .......... .......... .......... .......... 11% 2,40M 24s
  4800K .......... .......... .......... .......... .......... 11% 3,36M 24s
  4850K .......... .......... .......... .......... .......... 11% 2,30M 24s
  4900K .......... .......... .......... .......... .......... 11% 2,59M 24s
  4950K .......... .......... .......... .......... .......... 11% 2,61M 24s
  5000K .......... .......... .......... .......... .......... 12% 2,36M 24s
  5050K .......... .......... .......... .......... .......... 12% 5,91M 23s
  5100K .......... .......... .......... .......... .......... 12% 2,47M 23s
  5150K .......... .......... .......... .......... .......... 12% 2,85M 23s
  5200K .......... .......... .......... .......... .......... 12% 2,45M 23s
  5250K .......... .......... .......... .......... .......... 12% 2,88M 23s
  5300K .......... .......... .......... .......... .......... 12% 4,42M 23s
  5350K .......... .......... .......... .......... .......... 12% 2,53M 23s
  5400K .......... .......... .......... .......... .......... 13% 2,66M 22s
  5450K .......... .......... .......... .......... .......... 13% 2,48M 22s
  5500K .......... .......... .......... .......... .......... 13% 3,02M 22s
  5550K .......... .......... .......... .......... .......... 13% 2,37M 22s
  5600K .......... .......... .......... .......... .......... 13% 4,97M 22s
  5650K .......... .......... .......... .......... .......... 13% 2,46M 22s
  5700K .......... .......... .......... .......... .......... 13% 2,41M 22s
  5750K .......... .......... .......... .......... .......... 13% 3,06M 22s
  5800K .......... .......... .......... .......... .......... 14% 2,40M 22s
  5850K .......... .......... .......... .......... .......... 14% 2,53M 21s
  5900K .......... .......... .......... .......... .......... 14% 2,55M 21s
  5950K .......... .......... .......... .......... .......... 14% 4,57M 21s
  6000K .......... .......... .......... .......... .......... 14% 3,00M 21s
  6050K .......... .......... .......... .......... .......... 14% 2,55M 21s
  6100K .......... .......... .......... .......... .......... 14% 2,45M 21s
  6150K .......... .......... .......... .......... .......... 14% 2,51M 21s
  6200K .......... .......... .......... .......... .......... 14% 2,70M 21s
  6250K .......... .......... .......... .......... .......... 15% 5,55M 21s
  6300K .......... .......... .......... .......... .......... 15% 2,45M 21s
  6350K .......... .......... .......... .......... .......... 15% 2,42M 20s
  6400K .......... .......... .......... .......... .......... 15% 2,75M 20s
  6450K .......... .......... .......... .......... .......... 15% 3,02M 20s
  6500K .......... .......... .......... .......... .......... 15% 4,07M 20s
  6550K .......... .......... .......... .......... .......... 15% 2,48M 20s
  6600K .......... .......... .......... .......... .......... 15% 2,65M 20s
  6650K .......... .......... .......... .......... .......... 16% 2,82M 20s
  6700K .......... .......... .......... .......... .......... 16% 2,62M 20s
  6750K .......... .......... .......... .......... .......... 16% 2,39M 20s
  6800K .......... .......... .......... .......... .......... 16% 2,30M 20s
  6850K .......... .......... .......... .......... .......... 16% 6,18M 20s
  6900K .......... .......... .......... .......... .......... 16% 2,59M 19s
  6950K .......... .......... .......... .......... .......... 16% 2,70M 19s
  7000K .......... .......... .......... .......... .......... 16% 2,31M 19s
  7050K .......... .......... .......... .......... .......... 17% 2,54M 19s
  7100K .......... .......... .......... .......... .......... 17% 2,92M 19s
  7150K .......... .......... .......... .......... .......... 17% 4,66M 19s
  7200K .......... .......... .......... .......... .......... 17% 2,54M 19s
  7250K .......... .......... .......... .......... .......... 17% 2,46M 19s
  7300K .......... .......... .......... .......... .......... 17% 2,53M 19s
  7350K .......... .......... .......... .......... .......... 17% 2,97M 19s
  7400K .......... .......... .......... .......... .......... 17% 2,31M 19s
  7450K .......... .......... .......... .......... .......... 17% 5,69M 19s
  7500K .......... .......... .......... .......... .......... 18% 2,40M 19s
  7550K .......... .......... .......... .......... .......... 18% 2,86M 19s
  7600K .......... .......... .......... .......... .......... 18% 2,30M 18s
  7650K .......... .......... .......... .......... .......... 18% 2,70M 18s
  7700K .......... .......... .......... .......... .......... 18% 2,79M 18s
  7750K .......... .......... .......... .......... .......... 18% 2,48M 18s
  7800K .......... .......... .......... .......... .......... 18% 4,63M 18s
  7850K .......... .......... .......... .......... .......... 18% 2,55M 18s
  7900K .......... .......... .......... .......... .......... 19% 2,82M 18s
  7950K .......... .......... .......... .......... .......... 19% 2,43M 18s
  8000K .......... .......... .......... .......... .......... 19% 2,80M 18s
  8050K .......... .......... .......... .......... .......... 19% 2,44M 18s
  8100K .......... .......... .......... .......... .......... 19% 3,69M 18s
  8150K .......... .......... .......... .......... .......... 19% 3,15M 18s
  8200K .......... .......... .......... .......... .......... 19% 2,50M 18s
  8250K .......... .......... .......... .......... .......... 19% 2,63M 18s
  8300K .......... .......... .......... .......... .......... 20% 2,40M 18s
  8350K .......... .......... .......... .......... .......... 20% 2,70M 17s
  8400K .......... .......... .......... .......... .......... 20% 5,27M 17s
  8450K .......... .......... .......... .......... .......... 20% 2,45M 17s
  8500K .......... .......... .......... .......... .......... 20% 2,69M 17s
  8550K .......... .......... .......... .......... .......... 20% 2,51M 17s
  8600K .......... .......... .......... .......... .......... 20% 2,47M 17s
  8650K .......... .......... .......... .......... .......... 20% 2,89M 17s
  8700K .......... .......... .......... .......... .......... 20% 2,39M 17s
  8750K .......... .......... .......... .......... .......... 21% 5,73M 17s
  8800K .......... .......... .......... .......... .......... 21% 2,44M 17s
  8850K .......... .......... .......... .......... .......... 21% 2,77M 17s
  8900K .......... .......... .......... .......... .......... 21% 2,54M 17s
  8950K .......... .......... .......... .......... .......... 21% 2,56M 17s
  9000K .......... .......... .......... .......... .......... 21% 4,57M 17s
  9050K .......... .......... .......... .......... .......... 21% 1,78M 17s
  9100K .......... .......... .......... .......... .......... 21% 5,65M 17s
  9150K .......... .......... .......... .......... .......... 22% 2,17M 17s
  9200K .......... .......... .......... .......... .......... 22% 2,15M 17s
  9250K .......... .......... .......... .......... .......... 22%  589K 17s
  9300K .......... .......... .......... .......... .......... 22% 1,65M 17s
  9350K .......... .......... .......... .......... .......... 22%  184K 18s
  9400K .......... .......... .......... .......... .......... 22% 30,4M 17s
  9450K .......... .......... .......... .......... .......... 22%  243K 18s
  9500K .......... .......... .......... .......... .......... 22% 1,12M 18s
  9550K .......... .......... .......... .......... .......... 23% 1,98M 18s
  9600K .......... .......... .......... .......... .......... 23% 1,29M 18s
  9650K .......... .......... .......... .......... .......... 23% 2,04M 18s
  9700K .......... .......... .......... .......... .......... 23% 2,19M 18s
  9750K .......... .......... .......... .......... .......... 23% 2,17M 18s
  9800K .......... .......... .......... .......... .......... 23% 2,23M 18s
  9850K .......... .......... .......... .......... .......... 23% 1,59M 18s
  9900K .......... .......... .......... .......... .......... 23% 1,72M 18s
  9950K .......... .......... .......... .......... .......... 23% 2,28M 18s
 10000K .......... .......... .......... .......... .......... 24% 2,25M 18s
 10050K .......... .......... .......... .......... .......... 24% 2,28M 18s
 10100K .......... .......... .......... .......... .......... 24% 2,38M 18s
 10150K .......... .......... .......... .......... .......... 24% 2,35M 18s
 10200K .......... .......... .......... .......... .......... 24% 2,31M 17s
 10250K .......... .......... .......... .......... .......... 24% 2,65M 17s
 10300K .......... .......... .......... .......... .......... 24% 2,40M 17s
 10350K .......... .......... .......... .......... .......... 24% 2,35M 17s
 10400K .......... .......... .......... .......... .......... 25% 2,29M 17s
 10450K .......... .......... .......... .......... .......... 25% 2,40M 17s
 10500K .......... .......... .......... .......... .......... 25% 2,77M 17s
 10550K .......... .......... .......... .......... .......... 25% 2,88M 17s
 10600K .......... .......... .......... .......... .......... 25% 3,96M 17s
 10650K .......... .......... .......... .......... .......... 25% 2,32M 17s
 10700K .......... .......... .......... .......... .......... 25% 2,51M 17s
 10750K .......... .......... .......... .......... .......... 25% 3,17M 17s
 10800K .......... .......... .......... .......... .......... 26% 2,75M 17s
 10850K .......... .......... .......... .......... .......... 26% 2,35M 17s
 10900K .......... .......... .......... .......... .......... 26% 2,26M 17s
 10950K .......... .......... .......... .......... .......... 26% 2,51M 17s
 11000K .......... .......... .......... .......... .......... 26% 8,36M 17s
 11050K .......... .......... .......... .......... .......... 26% 2,30M 17s
 11100K .......... .......... .......... .......... .......... 26% 2,56M 16s
 11150K .......... .......... .......... .......... .......... 26% 2,62M 16s
 11200K .......... .......... .......... .......... .......... 26% 2,36M 16s
 11250K .......... .......... .......... .......... .......... 27% 6,80M 16s
 11300K .......... .......... .......... .......... .......... 27% 2,51M 16s
 11350K .......... .......... .......... .......... .......... 27% 2,36M 16s
 11400K .......... .......... .......... .......... .......... 27% 2,18M 16s
 11450K .......... .......... .......... .......... .......... 27% 1,15M 16s
 11500K .......... .......... .......... .......... .......... 27% 2,12M 16s
 11550K .......... .......... .......... .......... .......... 27% 1,01M 16s
 11600K .......... .......... .......... .......... .......... 27% 2,06M 16s
 11650K .......... .......... .......... .......... .......... 28% 1,98M 16s
 11700K .......... .......... .......... .......... .......... 28% 2,27M 16s
 11750K .......... .......... .......... .......... .......... 28% 1,22M 16s
 11800K .......... .......... .......... .......... .......... 28% 2,08M 16s
 11850K .......... .......... .......... .......... .......... 28% 2,20M 16s
 11900K .......... .......... .......... .......... .......... 28% 1,58M 16s
 11950K .......... .......... .......... .......... .......... 28% 2,13M 16s
 12000K .......... .......... .......... .......... .......... 28% 2,18M 16s
 12050K .......... .......... .......... .......... .......... 29% 2,24M 16s
 12100K .......... .......... .......... .......... .......... 29% 2,30M 16s
 12150K .......... .......... .......... .......... .......... 29% 2,27M 16s
 12200K .......... .......... .......... .......... .......... 29% 2,26M 16s
 12250K .......... .......... .......... .......... .......... 29% 2,25M 16s
 12300K .......... .......... .......... .......... .......... 29% 2,54M 16s
 12350K .......... .......... .......... .......... .......... 29% 2,29M 16s
 12400K .......... .......... .......... .......... .......... 29% 2,91M 16s
 12450K .......... .......... .......... .......... .......... 29% 2,31M 16s
 12500K .......... .......... .......... .......... .......... 30% 2,45M 16s
 12550K .......... .......... .......... .......... .......... 30% 4,54M 15s
 12600K .......... .......... .......... .......... .......... 30% 2,60M 15s
 12650K .......... .......... .......... .......... .......... 30% 2,55M 15s
 12700K .......... .......... .......... .......... .......... 30% 2,75M 15s
 12750K .......... .......... .......... .......... .......... 30% 2,41M 15s
 12800K .......... .......... .......... .......... .......... 30% 2,87M 15s
 12850K .......... .......... .......... .......... .......... 30% 2,37M 15s
 12900K .......... .......... .......... .......... .......... 31% 5,28M 15s
 12950K .......... .......... .......... .......... .......... 31% 2,40M 15s
 13000K .......... .......... .......... .......... .......... 31% 3,00M 15s
 13050K .......... .......... .......... .......... .......... 31% 2,30M 15s
 13100K .......... .......... .......... .......... .......... 31% 2,85M 15s
 13150K .......... .......... .......... .......... .......... 31% 2,50M 15s
 13200K .......... .......... .......... .......... .......... 31% 5,04M 15s
 13250K .......... .......... .......... .......... .......... 31% 2,51M 15s
 13300K .......... .......... .......... .......... .......... 32% 2,71M 15s
 13350K .......... .......... .......... .......... .......... 32% 2,55M 15s
 13400K .......... .......... .......... .......... .......... 32% 2,68M 15s
 13450K .......... .......... .......... .......... .......... 32% 2,40M 15s
 13500K .......... .......... .......... .......... .......... 32% 5,61M 15s
 13550K .......... .......... .......... .......... .......... 32% 2,56M 15s
 13600K .......... .......... .......... .......... .......... 32% 2,46M 15s
 13650K .......... .......... .......... .......... .......... 32% 2,79M 14s
 13700K .......... .......... .......... .......... .......... 32% 2,59M 14s
 13750K .......... .......... .......... .......... .......... 33% 2,44M 14s
 13800K .......... .......... .......... .......... .......... 33% 5,56M 14s
 13850K .......... .......... .......... .......... .......... 33% 2,33M 14s
 13900K .......... .......... .......... .......... .......... 33% 2,72M 14s
 13950K .......... .......... .......... .......... .......... 33% 2,72M 14s
 14000K .......... .......... .......... .......... .......... 33% 2,57M 14s
 14050K .......... .......... .......... .......... .......... 33% 2,40M 14s
 14100K .......... .......... .......... .......... .......... 33% 6,16M 14s
 14150K .......... .......... .......... .......... .......... 34% 2,64M 14s
 14200K .......... .......... .......... .......... .......... 34% 2,43M 14s
 14250K .......... .......... .......... .......... .......... 34% 2,52M 14s
 14300K .......... .......... .......... .......... .......... 34% 2,35M 14s
 14350K .......... .......... .......... .......... .......... 34% 2,43M 14s
 14400K .......... .......... .......... .......... .......... 34% 6,91M 14s
 14450K .......... .......... .......... .......... .......... 34% 1,68M 14s
 14500K .......... .......... .......... .......... .......... 34% 4,89M 14s
 14550K .......... .......... .......... .......... .......... 35% 2,44M 14s
 14600K .......... .......... .......... .......... .......... 35% 2,39M 14s
 14650K .......... .......... .......... .......... .......... 35% 3,06M 14s
 14700K .......... .......... .......... .......... .......... 35% 2,48M 14s
 14750K .......... .......... .......... .......... .......... 35% 2,71M 14s
 14800K .......... .......... .......... .......... .......... 35% 2,35M 14s
 14850K .......... .......... .......... .......... .......... 35% 4,70M 13s
 14900K .......... .......... .......... .......... .......... 35% 2,85M 13s
 14950K .......... .......... .......... .......... .......... 35% 2,37M 13s
 15000K .......... .......... .......... .......... .......... 36% 2,52M 13s
 15050K .......... .......... .......... .......... .......... 36% 2,36M 13s
 15100K .......... .......... .......... .......... .......... 36% 3,13M 13s
 15150K .......... .......... .......... .......... .......... 36% 5,25M 13s
 15200K .......... .......... .......... .......... .......... 36% 2,35M 13s
 15250K .......... .......... .......... .......... .......... 36% 2,56M 13s
 15300K .......... .......... .......... .......... .......... 36% 2,48M 13s
 15350K .......... .......... .......... .......... .......... 36% 2,83M 13s
 15400K .......... .......... .......... .......... .......... 37% 2,55M 13s
 15450K .......... .......... .......... .......... .......... 37% 2,40M 13s
 15500K .......... .......... .......... .......... .......... 37% 5,15M 13s
 15550K .......... .......... .......... .......... .......... 37% 2,46M 13s
 15600K .......... .......... .......... .......... .......... 37% 2,96M 13s
 15650K .......... .......... .......... .......... .......... 37% 2,45M 13s
 15700K .......... .......... .......... .......... .......... 37% 2,44M 13s
 15750K .......... .......... .......... .......... .......... 37% 2,73M 13s
 15800K .......... .......... .......... .......... .......... 38% 3,68M 13s
 15850K .......... .......... .......... .......... .......... 38% 2,19M 13s
 15900K .......... .......... .......... .......... .......... 38% 1,87M 13s
 15950K .......... .......... .......... .......... .......... 38% 9,47M 13s
 16000K .......... .......... .......... .......... .......... 38% 2,52M 13s
 16050K .......... .......... .......... .......... .......... 38% 2,35M 13s
 16100K .......... .......... .......... .......... .......... 38% 2,32M 13s
 16150K .......... .......... .......... .......... .......... 38% 2,45M 13s
 16200K .......... .......... .......... .......... .......... 38% 7,14M 12s
 16250K .......... .......... .......... .......... .......... 39% 2,56M 12s
 16300K .......... .......... .......... .......... .......... 39% 2,30M 12s
 16350K .......... .......... .......... .......... .......... 39% 2,59M 12s
 16400K .......... .......... .......... .......... .......... 39% 2,65M 12s
 16450K .......... .......... .......... .......... .......... 39% 6,20M 12s
 16500K .......... .......... .......... .......... .......... 39% 1,69M 12s
 16550K .......... .......... .......... .......... .......... 39% 4,36M 12s
 16600K .......... .......... .......... .......... .......... 39% 2,44M 12s
 16650K .......... .......... .......... .......... .......... 40% 2,99M 12s
 16700K .......... .......... .......... .......... .......... 40% 2,74M 12s
 16750K .......... .......... .......... .......... .......... 40% 2,39M 12s
 16800K .......... .......... .......... .......... .......... 40% 2,54M 12s
 16850K .......... .......... .......... .......... .......... 40% 2,33M 12s
 16900K .......... .......... .......... .......... .......... 40% 8,19M 12s
 16950K .......... .......... .......... .......... .......... 40% 2,41M 12s
 17000K .......... .......... .......... .......... .......... 40% 2,37M 12s
 17050K .......... .......... .......... .......... .......... 41% 2,42M 12s
 17100K .......... .......... .......... .......... .......... 41% 2,37M 12s
 17150K .......... .......... .......... .......... .......... 41% 8,91M 12s
 17200K .......... .......... .......... .......... .......... 41% 2,53M 12s
 17250K .......... .......... .......... .......... .......... 41% 2,35M 12s
 17300K .......... .......... .......... .......... .......... 41% 2,43M 12s
 17350K .......... .......... .......... .......... .......... 41% 2,55M 12s
 17400K .......... .......... .......... .......... .......... 41% 3,21M 12s
 17450K .......... .......... .......... .......... .......... 41% 2,35M 12s
 17500K .......... .......... .......... .......... .......... 42% 2,45M 12s
 17550K .......... .......... .......... .......... .......... 42% 4,07M 12s
 17600K .......... .......... .......... .......... .......... 42% 2,94M 12s
 17650K .......... .......... .......... .......... .......... 42% 2,75M 12s
 17700K .......... .......... .......... .......... .......... 42% 2,44M 11s
 17750K .......... .......... .......... .......... .......... 42% 2,52M 11s
 17800K .......... .......... .......... .......... .......... 42% 2,60M 11s
 17850K .......... .......... .......... .......... .......... 42% 5,52M 11s
 17900K .......... .......... .......... .......... .......... 43% 2,56M 11s
 17950K .......... .......... .......... .......... .......... 43% 2,44M 11s
 18000K .......... .......... .......... .......... .......... 43% 2,90M 11s
 18050K .......... .......... .......... .......... .......... 43% 2,30M 11s
 18100K .......... .......... .......... .......... .......... 43% 2,89M 11s
 18150K .......... .......... .......... .......... .......... 43% 4,55M 11s
 18200K .......... .......... .......... .......... .......... 43% 2,50M 11s
 18250K .......... .......... .......... .......... .......... 43% 2,80M 11s
 18300K .......... .......... .......... .......... .......... 44% 2,66M 11s
 18350K .......... .......... .......... .......... .......... 44% 2,63M 11s
 18400K .......... .......... .......... .......... .......... 44% 2,28M 11s
 18450K .......... .......... .......... .......... .......... 44% 6,18M 11s
 18500K .......... .......... .......... .......... .......... 44% 2,71M 11s
 18550K .......... .......... .......... .......... .......... 44% 2,53M 11s
 18600K .......... .......... .......... .......... .......... 44% 2,33M 11s
 18650K .......... .......... .......... .......... .......... 44% 2,62M 11s
 18700K .......... .......... .......... .......... .......... 44% 2,82M 11s
 18750K .......... .......... .......... .......... .......... 45% 5,34M 11s
 18800K .......... .......... .......... .......... .......... 45% 2,32M 11s
 18850K .......... .......... .......... .......... .......... 45% 2,60M 11s
 18900K .......... .......... .......... .......... .......... 45% 2,60M 11s
 18950K .......... .......... .......... .......... .......... 45% 2,99M 11s
 19000K .......... .......... .......... .......... .......... 45% 2,40M 11s
 19050K .......... .......... .......... .......... .......... 45% 4,48M 11s
 19100K .......... .......... .......... .......... .......... 45% 2,62M 11s
 19150K .......... .......... .......... .......... .......... 46% 2,94M 11s
 19200K .......... .......... .......... .......... .......... 46% 2,58M 11s
 19250K .......... .......... .......... .......... .......... 46% 2,48M 11s
 19300K .......... .......... .......... .......... .......... 46% 2,44M 10s
 19350K .......... .......... .......... .......... .......... 46% 5,08M 10s
 19400K .......... .......... .......... .......... .......... 46% 2,72M 10s
 19450K .......... .......... .......... .......... .......... 46% 2,58M 10s
 19500K .......... .......... .......... .......... .......... 46% 2,36M 10s
 19550K .......... .......... .......... .......... .......... 47% 2,67M 10s
 19600K .......... .......... .......... .......... .......... 47% 2,62M 10s
 19650K .......... .......... .......... .......... .......... 47% 4,85M 10s
 19700K .......... .......... .......... .......... .......... 47% 2,48M 10s
 19750K .......... .......... .......... .......... .......... 47% 2,45M 10s
 19800K .......... .......... .......... .......... .......... 47% 2,76M 10s
 19850K .......... .......... .......... .......... .......... 47% 2,67M 10s
 19900K .......... .......... .......... .......... .......... 47% 2,67M 10s
 19950K .......... .......... .......... .......... .......... 47% 4,46M 10s
 20000K .......... .......... .......... .......... .......... 48% 2,39M 10s
 20050K .......... .......... .......... .......... .......... 48% 2,95M 10s
 20100K .......... .......... .......... .......... .......... 48% 2,41M 10s
 20150K .......... .......... .......... .......... .......... 48% 2,80M 10s
 20200K .......... .......... .......... .......... .......... 48% 2,42M 10s
 20250K .......... .......... .......... .......... .......... 48% 2,41M 10s
 20300K .......... .......... .......... .......... .......... 48% 6,20M 10s
 20350K .......... .......... .......... .......... .......... 48% 2,44M 10s
 20400K .......... .......... .......... .......... .......... 49% 2,83M 10s
 20450K .......... .......... .......... .......... .......... 49% 2,41M 10s
 20500K .......... .......... .......... .......... .......... 49% 2,55M 10s
 20550K .......... .......... .......... .......... .......... 49% 2,75M 10s
 20600K .......... .......... .......... .......... .......... 49% 4,22M 10s
 20650K .......... .......... .......... .......... .......... 49% 2,69M 10s
 20700K .......... .......... .......... .......... .......... 49% 2,61M 10s
 20750K .......... .......... .......... .......... .......... 49% 2,59M 10s
 20800K .......... .......... .......... .......... .......... 50% 2,67M 10s
 20850K .......... .......... .......... .......... .......... 50% 2,67M 10s
 20900K .......... .......... .......... .......... .......... 50% 4,79M 10s
 20950K .......... .......... .......... .......... .......... 50% 2,47M 10s
 21000K .......... .......... .......... .......... .......... 50% 2,71M 9s
 21050K .......... .......... .......... .......... .......... 50% 2,48M 9s
 21100K .......... .......... .......... .......... .......... 50% 2,67M 9s
 21150K .......... .......... .......... .......... .......... 50% 2,63M 9s
 21200K .......... .......... .......... .......... .......... 50% 4,58M 9s
 21250K .......... .......... .......... .......... .......... 51% 2,60M 9s
 21300K .......... .......... .......... .......... .......... 51% 2,52M 9s
 21350K .......... .......... .......... .......... .......... 51% 2,71M 9s
 21400K .......... .......... .......... .......... .......... 51% 2,27M 9s
 21450K .......... .......... .......... .......... .......... 51% 2,91M 9s
 21500K .......... .......... .......... .......... .......... 51% 5,09M 9s
 21550K .......... .......... .......... .......... .......... 51% 2,62M 9s
 21600K .......... .......... .......... .......... .......... 51% 2,30M 9s
 21650K .......... .......... .......... .......... .......... 52% 2,89M 9s
 21700K .......... .......... .......... .......... .......... 52% 2,62M 9s
 21750K .......... .......... .......... .......... .......... 52% 2,74M 9s
 21800K .......... .......... .......... .......... .......... 52% 3,61M 9s
 21850K .......... .......... .......... .......... .......... 52% 1,85M 9s
 21900K .......... .......... .......... .......... .......... 52% 5,48M 9s
 21950K .......... .......... .......... .......... .......... 52% 2,71M 9s
 22000K .......... .......... .......... .......... .......... 52% 2,66M 9s
 22050K .......... .......... .......... .......... .......... 53% 2,49M 9s
 22100K .......... .......... .......... .......... .......... 53% 2,47M 9s
 22150K .......... .......... .......... .......... .......... 53% 5,54M 9s
 22200K .......... .......... .......... .......... .......... 53% 2,58M 9s
 22250K .......... .......... .......... .......... .......... 53% 2,62M 9s
 22300K .......... .......... .......... .......... .......... 53% 2,56M 9s
 22350K .......... .......... .......... .......... .......... 53% 2,33M 9s
 22400K .......... .......... .......... .......... .......... 53% 7,29M 9s
 22450K .......... .......... .......... .......... .......... 53% 2,49M 9s
 22500K .......... .......... .......... .......... .......... 54% 2,44M 9s
 22550K .......... .......... .......... .......... .......... 54% 2,67M 9s
 22600K .......... .......... .......... .......... .......... 54% 2,73M 9s
 22650K .......... .......... .......... .......... .......... 54% 2,59M 9s
 22700K .......... .......... .......... .......... .......... 54% 1,01M 9s
 22750K .......... .......... .......... .......... .......... 54%  111M 9s
 22800K .......... .......... .......... .......... .......... 54% 1,37M 9s
 22850K .......... .......... .......... .......... .......... 54% 1,31M 9s
 22900K .......... .......... .......... .......... .......... 55% 2,01M 8s
 22950K .......... .......... .......... .......... .......... 55% 2,26M 8s
 23000K .......... .......... .......... .......... .......... 55% 2,53M 8s
 23050K .......... .......... .......... .......... .......... 55% 9,16M 8s
 23100K .......... .......... .......... .......... .......... 55% 2,42M 8s
 23150K .......... .......... .......... .......... .......... 55% 2,40M 8s
 23200K .......... .......... .......... .......... .......... 55% 2,38M 8s
 23250K .......... .......... .......... .......... .......... 55% 2,55M 8s
 23300K .......... .......... .......... .......... .......... 56% 6,71M 8s
 23350K .......... .......... .......... .......... .......... 56% 2,54M 8s
 23400K .......... .......... .......... .......... .......... 56% 2,44M 8s
 23450K .......... .......... .......... .......... .......... 56% 2,54M 8s
 23500K .......... .......... .......... .......... .......... 56% 2,59M 8s
 23550K .......... .......... .......... .......... .......... 56% 3,05M 8s
 23600K .......... .......... .......... .......... .......... 56% 4,12M 8s
 23650K .......... .......... .......... .......... .......... 56% 2,42M 8s
 23700K .......... .......... .......... .......... .......... 56% 2,51M 8s
 23750K .......... .......... .......... .......... .......... 57% 2,82M 8s
 23800K .......... .......... .......... .......... .......... 57% 2,89M 8s
 23850K .......... .......... .......... .......... .......... 57% 2,35M 8s
 23900K .......... .......... .......... .......... .......... 57% 2,28M 8s
 23950K .......... .......... .......... .......... .......... 57% 5,93M 8s
 24000K .......... .......... .......... .......... .......... 57% 2,67M 8s
 24050K .......... .......... .......... .......... .......... 57% 2,68M 8s
 24100K .......... .......... .......... .......... .......... 57% 2,43M 8s
 24150K .......... .......... .......... .......... .......... 58% 2,62M 8s
 24200K .......... .......... .......... .......... .......... 58% 1,90M 8s
 24250K .......... .......... .......... .......... .......... 58% 16,3M 8s
 24300K .......... .......... .......... .......... .......... 58% 2,29M 8s
 24350K .......... .......... .......... .......... .......... 58% 1,66M 8s
 24400K .......... .......... .......... .......... .......... 58% 4,44M 8s
 24450K .......... .......... .......... .......... .......... 58% 2,45M 8s
 24500K .......... .......... .......... .......... .......... 58% 3,11M 8s
 24550K .......... .......... .......... .......... .......... 59% 2,39M 8s
 24600K .......... .......... .......... .......... .......... 59% 2,64M 8s
 24650K .......... .......... .......... .......... .......... 59% 2,58M 8s
 24700K .......... .......... .......... .......... .......... 59% 5,62M 8s
 24750K .......... .......... .......... .......... .......... 59% 2,43M 8s
 24800K .......... .......... .......... .......... .......... 59% 2,55M 7s
 24850K .......... .......... .......... .......... .......... 59% 2,63M 7s
 24900K .......... .......... .......... .......... .......... 59% 2,55M 7s
 24950K .......... .......... .......... .......... .......... 59% 2,77M 7s
 25000K .......... .......... .......... .......... .......... 60% 4,53M 7s
 25050K .......... .......... .......... .......... .......... 60% 2,68M 7s
 25100K .......... .......... .......... .......... .......... 60% 2,54M 7s
 25150K .......... .......... .......... .......... .......... 60% 2,54M 7s
 25200K .......... .......... .......... .......... .......... 60% 2,69M 7s
 25250K .......... .......... .......... .......... .......... 60% 2,60M 7s
 25300K .......... .......... .......... .......... .......... 60% 4,98M 7s
 25350K .......... .......... .......... .......... .......... 60% 2,54M 7s
 25400K .......... .......... .......... .......... .......... 61% 2,59M 7s
 25450K .......... .......... .......... .......... .......... 61% 2,58M 7s
 25500K .......... .......... .......... .......... .......... 61% 2,65M 7s
 25550K .......... .......... .......... .......... .......... 61% 2,68M 7s
 25600K .......... .......... .......... .......... .......... 61% 4,76M 7s
 25650K .......... .......... .......... .......... .......... 61% 2,55M 7s
 25700K .......... .......... .......... .......... .......... 61% 2,37M 7s
 25750K .......... .......... .......... .......... .......... 61% 2,97M 7s
 25800K .......... .......... .......... .......... .......... 62% 4,74M 7s
 25850K .......... .......... .......... .......... .......... 62% 1,76M 7s
 25900K .......... .......... .......... .......... .......... 62% 4,25M 7s
 25950K .......... .......... .......... .......... .......... 62% 2,46M 7s
 26000K .......... .......... .......... .......... .......... 62% 3,14M 7s
 26050K .......... .......... .......... .......... .......... 62% 2,42M 7s
 26100K .......... .......... .......... .......... .......... 62% 2,63M 7s
 26150K .......... .......... .......... .......... .......... 62% 2,54M 7s
 26200K .......... .......... .......... .......... .......... 62% 2,41M 7s
 26250K .......... .......... .......... .......... .......... 63% 6,42M 7s
 26300K .......... .......... .......... .......... .......... 63% 2,60M 7s
 26350K .......... .......... .......... .......... .......... 63% 2,53M 7s
 26400K .......... .......... .......... .......... .......... 63% 2,30M 7s
 26450K .......... .......... .......... .......... .......... 63% 3,18M 7s
 26500K .......... .......... .......... .......... .......... 63% 4,41M 7s
 26550K .......... .......... .......... .......... .......... 63% 2,61M 7s
 26600K .......... .......... .......... .......... .......... 63% 2,53M 7s
 26650K .......... .......... .......... .......... .......... 64% 2,45M 7s
 26700K .......... .......... .......... .......... .......... 64% 2,92M 7s
 26750K .......... .......... .......... .......... .......... 64% 2,62M 7s
 26800K .......... .......... .......... .......... .......... 64% 4,74M 6s
 26850K .......... .......... .......... .......... .......... 64% 2,37M 6s
 26900K .......... .......... .......... .......... .......... 64% 2,54M 6s
 26950K .......... .......... .......... .......... .......... 64% 2,95M 6s
 27000K .......... .......... .......... .......... .......... 64% 2,58M 6s
 27050K .......... .......... .......... .......... .......... 64% 2,55M 6s
 27100K .......... .......... .......... .......... .......... 65% 4,23M 6s
 27150K .......... .......... .......... .......... .......... 65% 2,44M 6s
 27200K .......... .......... .......... .......... .......... 65% 3,16M 6s
 27250K .......... .......... .......... .......... .......... 65% 2,62M 6s
 27300K .......... .......... .......... .......... .......... 65% 2,34M 6s
 27350K .......... .......... .......... .......... .......... 65% 2,78M 6s
 27400K .......... .......... .......... .......... .......... 65% 2,42M 6s
 27450K .......... .......... .......... .......... .......... 65% 6,78M 6s
 27500K .......... .......... .......... .......... .......... 66% 2,24M 6s
 27550K .......... .......... .......... .......... .......... 66% 2,83M 6s
 27600K .......... .......... .......... .......... .......... 66% 2,35M 6s
 27650K .......... .......... .......... .......... .......... 66% 3,06M 6s
 27700K .......... .......... .......... .......... .......... 66% 4,52M 6s
 27750K .......... .......... .......... .......... .......... 66% 2,58M 6s
 27800K .......... .......... .......... .......... .......... 66% 2,53M 6s
 27850K .......... .......... .......... .......... .......... 66% 2,33M 6s
 27900K .......... .......... .......... .......... .......... 67% 3,02M 6s
 27950K .......... .......... .......... .......... .......... 67% 2,64M 6s
 28000K .......... .......... .......... .......... .......... 67% 2,25M 6s
 28050K .......... .......... .......... .......... .......... 67% 5,08M 6s
 28100K .......... .......... .......... .......... .......... 67% 1,90M 6s
 28150K .......... .......... .......... .......... .......... 67% 2,31M 6s
 28200K .......... .......... .......... .......... .......... 67% 6,10M 6s
 28250K .......... .......... .......... .......... .......... 67% 2,41M 6s
 28300K .......... .......... .......... .......... .......... 67% 2,31M 6s
 28350K .......... .......... .......... .......... .......... 68% 2,40M 6s
 28400K .......... .......... .......... .......... .......... 68% 10,3M 6s
 28450K .......... .......... .......... .......... .......... 68% 2,43M 6s
 28500K .......... .......... .......... .......... .......... 68% 2,35M 6s
 28550K .......... .......... .......... .......... .......... 68% 2,26M 6s
 28600K .......... .......... .......... .......... .......... 68% 2,71M 6s
 28650K .......... .......... .......... .......... .......... 68% 6,10M 6s
 28700K .......... .......... .......... .......... .......... 68% 2,52M 6s
 28750K .......... .......... .......... .......... .......... 69% 2,32M 6s
 28800K .......... .......... .......... .......... .......... 69% 2,62M 6s
 28850K .......... .......... .......... .......... .......... 69% 2,63M 6s
 28900K .......... .......... .......... .......... .......... 69% 2,85M 5s
 28950K .......... .......... .......... .......... .......... 69% 2,24M 5s
 29000K .......... .......... .......... .......... .......... 69% 2,62M 5s
 29050K .......... .......... .......... .......... .......... 69% 5,80M 5s
 29100K .......... .......... .......... .......... .......... 69% 2,57M 5s
 29150K .......... .......... .......... .......... .......... 70% 2,51M 5s
 29200K .......... .......... .......... .......... .......... 70% 2,57M 5s
 29250K .......... .......... .......... .......... .......... 70% 2,42M 5s
 29300K .......... .......... .......... .......... .......... 70% 1,66M 5s
 29350K .......... .......... .......... .......... .......... 70% 5,96M 5s
 29400K .......... .......... .......... .......... .......... 70% 2,12M 5s
 29450K .......... .......... .......... .......... .......... 70% 2,22M 5s
 29500K .......... .......... .......... .......... .......... 70% 2,41M 5s
 29550K .......... .......... .......... .......... .......... 70% 2,44M 5s
 29600K .......... .......... .......... .......... .......... 71% 9,07M 5s
 29650K .......... .......... .......... .......... .......... 71% 2,46M 5s
 29700K .......... .......... .......... .......... .......... 71% 2,42M 5s
 29750K .......... .......... .......... .......... .......... 71% 2,45M 5s
 29800K .......... .......... .......... .......... .......... 71% 2,44M 5s
 29850K .......... .......... .......... .......... .......... 71% 7,54M 5s
 29900K .......... .......... .......... .......... .......... 71% 2,40M 5s
 29950K .......... .......... .......... .......... .......... 71% 2,51M 5s
 30000K .......... .......... .......... .......... .......... 72% 2,43M 5s
 30050K .......... .......... .......... .......... .......... 72% 2,54M 5s
 30100K .......... .......... .......... .......... .......... 72% 3,25M 5s
 30150K .......... .......... .......... .......... .......... 72% 2,44M 5s
 30200K .......... .......... .......... .......... .......... 72% 4,06M 5s
 30250K .......... .......... .......... .......... .......... 72% 1,77M 5s
 30300K .......... .......... .......... .......... .......... 72% 4,97M 5s
 30350K .......... .......... .......... .......... .......... 72% 2,93M 5s
 30400K .......... .......... .......... .......... .......... 73% 2,44M 5s
 30450K .......... .......... .......... .......... .......... 73% 2,43M 5s
 30500K .......... .......... .......... .......... .......... 73% 4,96M 5s
 30550K .......... .......... .......... .......... .......... 73% 2,59M 5s
 30600K .......... .......... .......... .......... .......... 73% 2,82M 5s
 30650K .......... .......... .......... .......... .......... 73% 2,39M 5s
 30700K .......... .......... .......... .......... .......... 73% 2,53M 5s
 30750K .......... .......... .......... .......... .......... 73% 2,69M 5s
 30800K .......... .......... .......... .......... .......... 73% 5,94M 5s
 30850K .......... .......... .......... .......... .......... 74% 2,55M 5s
 30900K .......... .......... .......... .......... .......... 74% 2,36M 5s
 30950K .......... .......... .......... .......... .......... 74% 2,58M 5s
 31000K .......... .......... .......... .......... .......... 74% 2,85M 5s
 31050K .......... .......... .......... .......... .......... 74% 2,54M 5s
 31100K .......... .......... .......... .......... .......... 74% 4,25M 4s
 31150K .......... .......... .......... .......... .......... 74% 1,82M 4s
 31200K .......... .......... .......... .......... .......... 74% 4,94M 4s
 31250K .......... .......... .......... .......... .......... 75% 2,52M 4s
 31300K .......... .......... .......... .......... .......... 75% 2,66M 4s
 31350K .......... .......... .......... .......... .......... 75% 2,61M 4s
 31400K .......... .......... .......... .......... .......... 75% 2,44M 4s
 31450K .......... .......... .......... .......... .......... 75% 2,73M 4s
 31500K .......... .......... .......... .......... .......... 75% 4,86M 4s
 31550K .......... .......... .......... .......... .......... 75% 2,58M 4s
 31600K .......... .......... .......... .......... .......... 75% 2,58M 4s
 31650K .......... .......... .......... .......... .......... 76% 2,62M 4s
 31700K .......... .......... .......... .......... .......... 76% 2,43M 4s
 31750K .......... .......... .......... .......... .......... 76% 2,83M 4s
 31800K .......... .......... .......... .......... .......... 76% 4,64M 4s
 31850K .......... .......... .......... .......... .......... 76% 2,50M 4s
 31900K .......... .......... .......... .......... .......... 76% 2,84M 4s
 31950K .......... .......... .......... .......... .......... 76% 2,46M 4s
 32000K .......... .......... .......... .......... .......... 76% 2,64M 4s
 32050K .......... .......... .......... .......... .......... 76% 2,63M 4s
 32100K .......... .......... .......... .......... .......... 77% 4,08M 4s
 32150K .......... .......... .......... .......... .......... 77% 2,86M 4s
 32200K .......... .......... .......... .......... .......... 77% 2,15M 4s
 32250K .......... .......... .......... .......... .......... 77% 2,27M 4s
 32300K .......... .......... .......... .......... .......... 77% 4,11M 4s
 32350K .......... .......... .......... .......... .......... 77% 2,23M 4s
 32400K .......... .......... .......... .......... .......... 77% 2,27M 4s
 32450K .......... .......... .......... .......... .......... 77% 2,38M 4s
 32500K .......... .......... .......... .......... .......... 78% 2,43M 4s
 32550K .......... .......... .......... .......... .......... 78% 7,79M 4s
 32600K .......... .......... .......... .......... .......... 78% 2,41M 4s
 32650K .......... .......... .......... .......... .......... 78% 2,42M 4s
 32700K .......... .......... .......... .......... .......... 78% 2,44M 4s
 32750K .......... .......... .......... .......... .......... 78% 2,63M 4s
 32800K .......... .......... .......... .......... .......... 78% 6,27M 4s
 32850K .......... .......... .......... .......... .......... 78% 2,36M 4s
 32900K .......... .......... .......... .......... .......... 79% 2,55M 4s
 32950K .......... .......... .......... .......... .......... 79% 2,43M 4s
 33000K .......... .......... .......... .......... .......... 79% 3,00M 4s
 33050K .......... .......... .......... .......... .......... 79% 2,63M 4s
 33100K .......... .......... .......... .......... .......... 79% 2,44M 4s
 33150K .......... .......... .......... .......... .......... 79% 4,32M 4s
 33200K .......... .......... .......... .......... .......... 79% 1,79M 4s
 33250K .......... .......... .......... .......... .......... 79% 6,46M 4s
 33300K .......... .......... .......... .......... .......... 79% 2,42M 4s
 33350K .......... .......... .......... .......... .......... 80% 2,38M 3s
 33400K .......... .......... .......... .......... .......... 80% 2,62M 3s
 33450K .......... .......... .......... .......... .......... 80% 2,57M 3s
 33500K .......... .......... .......... .......... .......... 80% 5,62M 3s
 33550K .......... .......... .......... .......... .......... 80% 2,42M 3s
 33600K .......... .......... .......... .......... .......... 80% 2,48M 3s
 33650K .......... .......... .......... .......... .......... 80% 2,59M 3s
 33700K .......... .......... .......... .......... .......... 80% 2,93M 3s
 33750K .......... .......... .......... .......... .......... 81% 2,59M 3s
 33800K .......... .......... .......... .......... .......... 81% 2,36M 3s
 33850K .......... .......... .......... .......... .......... 81% 2,44M 3s
 33900K .......... .......... .......... .......... .......... 81% 5,19M 3s
 33950K .......... .......... .......... .......... .......... 81% 3,01M 3s
 34000K .......... .......... .......... .......... .......... 81% 2,38M 3s
 34050K .......... .......... .......... .......... .......... 81% 2,38M 3s
 34100K .......... .......... .......... .......... .......... 81% 2,96M 3s
 34150K .......... .......... .......... .......... .......... 82% 2,42M 3s
 34200K .......... .......... .......... .......... .......... 82% 4,69M 3s
 34250K .......... .......... .......... .......... .......... 82% 2,53M 3s
 34300K .......... .......... .......... .......... .......... 82% 2,40M 3s
 34350K .......... .......... .......... .......... .......... 82% 2,84M 3s
 34400K .......... .......... .......... .......... .......... 82% 2,48M 3s
 34450K .......... .......... .......... .......... .......... 82% 1,89M 3s
 34500K .......... .......... .......... .......... .......... 82% 2,30M 3s
 34550K .......... .......... .......... .......... .......... 82% 11,2M 3s
 34600K .......... .......... .......... .......... .......... 83% 2,38M 3s
 34650K .......... .......... .......... .......... .......... 83% 1,65M 3s
 34700K .......... .......... .......... .......... .......... 83% 2,22M 3s
 34750K .......... .......... .......... .......... .......... 83% 10,0M 3s
 34800K .......... .......... .......... .......... .......... 83% 2,29M 3s
 34850K .......... .......... .......... .......... .......... 83% 2,54M 3s
 34900K .......... .......... .......... .......... .......... 83% 2,35M 3s
 34950K .......... .......... .......... .......... .......... 83% 3,13M 3s
 35000K .......... .......... .......... .......... .......... 84% 4,22M 3s
 35050K .......... .......... .......... .......... .......... 84% 2,49M 3s
 35100K .......... .......... .......... .......... .......... 84% 2,33M 3s
 35150K .......... .......... .......... .......... .......... 84% 2,75M 3s
 35200K .......... .......... .......... .......... .......... 84% 2,43M 3s
 35250K .......... .......... .......... .......... .......... 84% 3,15M 3s
 35300K .......... .......... .......... .......... .......... 84% 2,32M 3s
 35350K .......... .......... .......... .......... .......... 84% 2,43M 3s
 35400K .......... .......... .......... .......... .......... 85% 5,96M 3s
 35450K .......... .......... .......... .......... .......... 85% 2,58M 3s
 35500K .......... .......... .......... .......... .......... 85% 2,56M 3s
 35550K .......... .......... .......... .......... .......... 85% 2,62M 3s
 35600K .......... .......... .......... .......... .......... 85% 2,50M 3s
 35650K .......... .......... .......... .......... .......... 85% 5,72M 2s
 35700K .......... .......... .......... .......... .......... 85% 2,50M 2s
 35750K .......... .......... .......... .......... .......... 85% 2,59M 2s
 35800K .......... .......... .......... .......... .......... 85% 2,62M 2s
 35850K .......... .......... .......... .......... .......... 86% 2,74M 2s
 35900K .......... .......... .......... .......... .......... 86% 2,49M 2s
 35950K .......... .......... .......... .......... .......... 86% 2,57M 2s
 36000K .......... .......... .......... .......... .......... 86% 5,07M 2s
 36050K .......... .......... .......... .......... .......... 86% 2,47M 2s
 36100K .......... .......... .......... .......... .......... 86% 2,76M 2s
 36150K .......... .......... .......... .......... .......... 86% 2,56M 2s
 36200K .......... .......... .......... .......... .......... 86% 2,37M 2s
 36250K .......... .......... .......... .......... .......... 87% 2,74M 2s
 36300K .......... .......... .......... .......... .......... 87% 4,17M 2s
 36350K .......... .......... .......... .......... .......... 87% 2,90M 2s
 36400K .......... .......... .......... .......... .......... 87% 2,59M 2s
 36450K .......... .......... .......... .......... .......... 87% 2,45M 2s
 36500K .......... .......... .......... .......... .......... 87% 2,49M 2s
 36550K .......... .......... .......... .......... .......... 87% 3,03M 2s
 36600K .......... .......... .......... .......... .......... 87% 4,82M 2s
 36650K .......... .......... .......... .......... .......... 88% 2,51M 2s
 36700K .......... .......... .......... .......... .......... 88% 2,40M 2s
 36750K .......... .......... .......... .......... .......... 88% 2,99M 2s
 36800K .......... .......... .......... .......... .......... 88% 2,60M 2s
 36850K .......... .......... .......... .......... .......... 88% 2,42M 2s
 36900K .......... .......... .......... .......... .......... 88% 3,14M 2s
 36950K .......... .......... .......... .......... .......... 88% 2,30M 2s
 37000K .......... .......... .......... .......... .......... 88% 5,30M 2s
 37050K .......... .......... .......... .......... .......... 88% 2,43M 2s
 37100K .......... .......... .......... .......... .......... 89% 2,40M 2s
 37150K .......... .......... .......... .......... .......... 89% 2,65M 2s
 37200K .......... .......... .......... .......... .......... 89% 2,44M 2s
 37250K .......... .......... .......... .......... .......... 89% 5,93M 2s
 37300K .......... .......... .......... .......... .......... 89% 2,36M 2s
 37350K .......... .......... .......... .......... .......... 89% 2,88M 2s
 37400K .......... .......... .......... .......... .......... 89% 2,52M 2s
 37450K .......... .......... .......... .......... .......... 89% 2,16M 2s
 37500K .......... .......... .......... .......... .......... 90% 1,93M 2s
 37550K .......... .......... .......... .......... .......... 90% 1,53M 2s
 37600K .......... .......... .......... .......... .......... 90% 2,21M 2s
 37650K .......... .......... .......... .......... .......... 90% 5,51M 2s
 37700K .......... .......... .......... .......... .......... 90% 3,07M 2s
 37750K .......... .......... .......... .......... .......... 90% 2,24M 2s
 37800K .......... .......... .......... .......... .......... 90% 2,58M 2s
 37850K .......... .......... .......... .......... .......... 90% 2,38M 2s
 37900K .......... .......... .......... .......... .......... 91% 10,6M 2s
 37950K .......... .......... .......... .......... .......... 91% 2,34M 2s
 38000K .......... .......... .......... .......... .......... 91% 2,54M 2s
 38050K .......... .......... .......... .......... .......... 91% 2,44M 1s
 38100K .......... .......... .......... .......... .......... 91% 2,67M 1s
 38150K .......... .......... .......... .......... .......... 91% 2,98M 1s
 38200K .......... .......... .......... .......... .......... 91% 4,67M 1s
 38250K .......... .......... .......... .......... .......... 91% 2,45M 1s
 38300K .......... .......... .......... .......... .......... 91% 2,51M 1s
 38350K .......... .......... .......... .......... .......... 92% 2,52M 1s
 38400K .......... .......... .......... .......... .......... 92% 3,01M 1s
 38450K .......... .......... .......... .......... .......... 92% 2,61M 1s
 38500K .......... .......... .......... .......... .......... 92% 2,40M 1s
 38550K .......... .......... .......... .......... .......... 92% 4,50M 1s
 38600K .......... .......... .......... .......... .......... 92% 2,56M 1s
 38650K .......... .......... .......... .......... .......... 92% 2,80M 1s
 38700K .......... .......... .......... .......... .......... 92% 2,55M 1s
 38750K .......... .......... .......... .......... .......... 93% 2,63M 1s
 38800K .......... .......... .......... .......... .......... 93% 2,53M 1s
 38850K .......... .......... .......... .......... .......... 93% 5,19M 1s
 38900K .......... .......... .......... .......... .......... 93% 2,41M 1s
 38950K .......... .......... .......... .......... .......... 93% 2,70M 1s
 39000K .......... .......... .......... .......... .......... 93% 2,86M 1s
 39050K .......... .......... .......... .......... .......... 93% 2,35M 1s
 39100K .......... .......... .......... .......... .......... 93% 2,53M 1s
 39150K .......... .......... .......... .......... .......... 94% 4,64M 1s
 39200K .......... .......... .......... .......... .......... 94% 2,75M 1s
 39250K .......... .......... .......... .......... .......... 94% 2,65M 1s
 39300K .......... .......... .......... .......... .......... 94% 2,33M 1s
 39350K .......... .......... .......... .......... .......... 94% 2,63M 1s
 39400K .......... .......... .......... .......... .......... 94% 2,95M 1s
 39450K .......... .......... .......... .......... .......... 94% 4,19M 1s
 39500K .......... .......... .......... .......... .......... 94% 2,65M 1s
 39550K .......... .......... .......... .......... .......... 94% 2,40M 1s
 39600K .......... .......... .......... .......... .......... 95% 2,37M 1s
 39650K .......... .......... .......... .......... .......... 95% 3,13M 1s
 39700K .......... .......... .......... .......... .......... 95% 2,66M 1s
 39750K .......... .......... .......... .......... .......... 95% 2,40M 1s
 39800K .......... .......... .......... .......... .......... 95% 4,97M 1s
 39850K .......... .......... .......... .......... .......... 95% 2,65M 1s
 39900K .......... .......... .......... .......... .......... 95% 2,67M 1s
 39950K .......... .......... .......... .......... .......... 95% 2,52M 1s
 40000K .......... .......... .......... .......... .......... 96% 2,63M 1s
 40050K .......... .......... .......... .......... .......... 96% 2,43M 1s
 40100K .......... .......... .......... .......... .......... 96% 5,36M 1s
 40150K .......... .......... .......... .......... .......... 96% 2,62M 1s
 40200K .......... .......... .......... .......... .......... 96% 2,36M 1s
 40250K .......... .......... .......... .......... .......... 96% 2,68M 1s
 40300K .......... .......... .......... .......... .......... 96% 2,53M 1s
 40350K .......... .......... .......... .......... .......... 96% 2,88M 1s
 40400K .......... .......... .......... .......... .......... 97% 3,85M 1s
 40450K .......... .......... .......... .......... .......... 97% 2,66M 0s
 40500K .......... .......... .......... .......... .......... 97% 2,63M 0s
 40550K .......... .......... .......... .......... .......... 97% 2,34M 0s
 40600K .......... .......... .......... .......... .......... 97% 3,23M 0s
 40650K .......... .......... .......... .......... .......... 97% 2,42M 0s
 40700K .......... .......... .......... .......... .......... 97% 5,30M 0s
 40750K .......... .......... .......... .......... .......... 97% 2,41M 0s
 40800K .......... .......... .......... .......... .......... 97% 2,58M 0s
 40850K .......... .......... .......... .......... .......... 98% 2,79M 0s
 40900K .......... .......... .......... .......... .......... 98% 2,54M 0s
 40950K .......... .......... .......... .......... .......... 98% 2,48M 0s
 41000K .......... .......... .......... .......... .......... 98% 2,44M 0s
 41050K .......... .......... .......... .......... .......... 98% 6,36M 0s
 41100K .......... .......... .......... .......... .......... 98% 2,61M 0s
 41150K .......... .......... .......... .......... .......... 98% 2,50M 0s
 41200K .......... .......... .......... .......... .......... 98% 2,36M 0s
 41250K .......... .......... .......... .......... .......... 99% 2,61M 0s
 41300K .......... .......... .......... .......... .......... 99% 6,38M 0s
 41350K .......... .......... .......... .......... .......... 99% 2,53M 0s
 41400K .......... .......... .......... .......... .......... 99% 2,57M 0s
 41450K .......... .......... .......... .......... .......... 99% 2,42M 0s
 41500K .......... .......... .......... .......... .......... 99% 2,59M 0s
 41550K .......... .......... .......... .......... .......... 99% 2,96M 0s
 41600K .......... .......... .......... .......... .......... 99% 4,48M 0s
 41650K .......... .......... .......... .......... ..        100% 2,31M=17s

2014-07-09 20:23:20 (2,39 MB/s) - `c:/www3/site1/trailer_get/trail/kinopoisk.ru-Attila-Marcel-202240.mp4' сохранён [42693160/42693160]


Notice: Undefined variable: result in C:\www3\site1\trailer_get\download.php on line 17
